[2026-03-06T11:44:56.995+0000] {manager.py:470} INFO - Processing files using up to 2 processes at a time 
[2026-03-06T11:44:56.997+0000] {manager.py:471} INFO - Process each file at most once every 30 seconds
[2026-03-06T11:44:57.000+0000] {manager.py:472} INFO - Checking for new files in /opt/airflow/dags every 300 seconds
[2026-03-06T11:44:57.002+0000] {manager.py:737} INFO - Searching for files in /opt/airflow/dags
[2026-03-06T11:44:57.011+0000] {manager.py:740} INFO - There are 0 files in /opt/airflow/dags
[2026-03-06T11:46:32.228+0000] {manager.py:452} INFO - Exiting gracefully upon receiving signal 15
[2026-03-06T11:47:01.242+0000] {manager.py:470} INFO - Processing files using up to 2 processes at a time 
[2026-03-06T11:47:01.244+0000] {manager.py:471} INFO - Process each file at most once every 30 seconds
[2026-03-06T11:47:01.246+0000] {manager.py:472} INFO - Checking for new files in /opt/airflow/dags every 300 seconds
[2026-03-06T11:47:01.247+0000] {manager.py:737} INFO - Searching for files in /opt/airflow/dags
[2026-03-06T11:47:01.254+0000] {manager.py:740} INFO - There are 0 files in /opt/airflow/dags
[2026-03-06T11:48:41.210+0000] {manager.py:452} INFO - Exiting gracefully upon receiving signal 15
[2026-03-06T11:49:08.662+0000] {manager.py:470} INFO - Processing files using up to 2 processes at a time 
[2026-03-06T11:49:08.665+0000] {manager.py:471} INFO - Process each file at most once every 30 seconds
[2026-03-06T11:49:08.667+0000] {manager.py:472} INFO - Checking for new files in /opt/airflow/dags every 300 seconds
[2026-03-06T11:49:08.669+0000] {manager.py:737} INFO - Searching for files in /opt/airflow/dags
[2026-03-06T11:49:08.676+0000] {manager.py:740} INFO - There are 0 files in /opt/airflow/dags
[2026-03-06T11:49:32.152+0000] {manager.py:452} INFO - Exiting gracefully upon receiving signal 15
[2026-03-06T11:50:01.679+0000] {manager.py:470} INFO - Processing files using up to 2 processes at a time 
[2026-03-06T11:50:01.681+0000] {manager.py:471} INFO - Process each file at most once every 30 seconds
[2026-03-06T11:50:01.683+0000] {manager.py:472} INFO - Checking for new files in /opt/airflow/dags every 300 seconds
[2026-03-06T11:50:01.684+0000] {manager.py:737} INFO - Searching for files in /opt/airflow/dags
[2026-03-06T11:50:01.691+0000] {manager.py:740} INFO - There are 0 files in /opt/airflow/dags
[2026-03-06T11:54:32.640+0000] {manager.py:452} INFO - Exiting gracefully upon receiving signal 15
